<?xml version="1.0" encoding="UTF-8"?>
<testsuite name="util.AudioTest" tests="5" skipped="0" failures="0" errors="0" timestamp="2022-04-07T11:00:01" hostname="LAPTOP-4B9G9B6G" time="0.035">
  <properties/>
  <testcase name="listeningModuleTest()" classname="util.AudioTest" time="0.03"/>
  <testcase name="testNoiseGeneration1()" classname="util.AudioTest" time="0.0"/>
  <testcase name="testNoiseGeneration2()" classname="util.AudioTest" time="0.0"/>
  <testcase name="directionSoundTest1()" classname="util.AudioTest" time="0.001"/>
  <testcase name="directionSoundTest2()" classname="util.AudioTest" time="0.001"/>
  <system-out><![CDATA[]]></system-out>
  <system-err><![CDATA[]]></system-err>
</testsuite>
