<?xml version="1.0" encoding="UTF-8"?>
<testsuite name="util.TeleportTest" tests="2" skipped="0" failures="0" errors="0" timestamp="2022-04-07T11:00:01" hostname="LAPTOP-4B9G9B6G" time="0.002">
  <properties/>
  <testcase name="testTeleport()" classname="util.TeleportTest" time="0.001"/>
  <testcase name="testTeleportTiles()" classname="util.TeleportTest" time="0.0"/>
  <system-out><![CDATA[]]></system-out>
  <system-err><![CDATA[]]></system-err>
</testsuite>
